\BOOKMARK [0][-]{chapter.1}{\376\377\000I\000n\000t\000r\000o\000d\000u\000c\000t\000i\000o\000n}{}% 1
\BOOKMARK [1][-]{section.1.1}{\376\377\000D\000e\000f\000i\000n\000i\000t\000i\000o\000n\000s}{chapter.1}% 2
\BOOKMARK [0][-]{chapter.2}{\376\377\000B\000r\000o\000w\000s\000e\000r\000\040\000f\000i\000n\000g\000e\000r\000p\000r\000i\000n\000t\000i\000n\000g}{}% 3
\BOOKMARK [1][-]{section.2.1}{\376\377\000H\000i\000s\000t\000o\000r\000y\000\040\000o\000f\000\040\000b\000r\000o\000w\000s\000e\000r\000\040\000f\000i\000n\000g\000e\000r\000p\000r\000i\000n\000t\000i\000n\000g}{chapter.2}% 4
\BOOKMARK [1][-]{section.2.2}{\376\377\000F\000i\000n\000g\000e\000r\000p\000r\000i\000n\000t\000i\000n\000g\000\040\000c\000o\000u\000n\000t\000e\000r\000m\000e\000a\000s\000u\000r\000e\000s}{chapter.2}% 5
\BOOKMARK [1][-]{section.2.3}{\376\377\000A\000p\000p\000r\000o\000a\000c\000h\000e\000s\000\040\000t\000o\000\040\000f\000i\000n\000g\000e\000r\000p\000r\000i\000n\000t\000i\000n\000g}{chapter.2}% 6
\BOOKMARK [2][-]{subsection.2.3.1}{\376\377\000A\000c\000t\000i\000v\000e\000\040\000f\000i\000n\000g\000e\000r\000p\000r\000i\000n\000t\000i\000n\000g}{section.2.3}% 7
\BOOKMARK [2][-]{subsection.2.3.2}{\376\377\000P\000a\000s\000s\000i\000v\000e\000\040\000f\000i\000n\000g\000e\000r\000p\000r\000i\000n\000t\000i\000n\000g}{section.2.3}% 8
\BOOKMARK [2][-]{subsection.2.3.3}{\376\377\000I\000n\000c\000o\000n\000s\000i\000s\000t\000e\000n\000c\000i\000e\000s}{section.2.3}% 9
\BOOKMARK [1][-]{section.2.4}{\376\377\000T\000h\000r\000e\000a\000t\000s\000\040\000a\000n\000d\000\040\000o\000p\000p\000o\000r\000t\000u\000n\000i\000t\000i\000e\000s\000\040\000o\000f\000\040\000f\000i\000n\000g\000e\000r\000p\000r\000i\000n\000t\000i\000n\000g}{chapter.2}% 10
\BOOKMARK [2][-]{subsection.2.4.1}{\376\377\000T\000h\000r\000e\000a\000t\000s}{section.2.4}% 11
\BOOKMARK [2][-]{subsection.2.4.2}{\376\377\000O\000p\000p\000o\000r\000t\000u\000n\000i\000t\000i\000e\000s}{section.2.4}% 12
\BOOKMARK [0][-]{chapter.3}{\376\377\000B\000r\000o\000w\000s\000e\000r\000\040\000e\000x\000t\000e\000n\000s\000i\000o\000n\000s}{}% 13
\BOOKMARK [1][-]{section.3.1}{\376\377\000W\000e\000b\000E\000x\000t\000e\000n\000s\000i\000o\000n\000s\000\040\000A\000P\000I}{chapter.3}% 14
\BOOKMARK [1][-]{section.3.2}{\376\377\000M\000a\000n\000i\000f\000e\000s\000t\000\040\000V\0003}{chapter.3}% 15
\BOOKMARK [1][-]{section.3.3}{\376\377\000J\000S\000h\000e\000l\000t\000e\000r}{chapter.3}% 16
\BOOKMARK [2][-]{subsection.3.3.1}{\376\377\000J\000a\000v\000a\000S\000c\000r\000i\000p\000t\000\040\000S\000h\000i\000e\000l\000d}{section.3.3}% 17
\BOOKMARK [0][-]{chapter.4}{\376\377\000D\000e\000s\000i\000g\000n\000\040\000p\000r\000o\000p\000o\000s\000a\000l}{}% 18
\BOOKMARK [1][-]{section.4.1}{\376\377\000M\000i\000n\000i\000m\000i\000z\000i\000n\000g\000\040\000t\000h\000e\000\040\000i\000m\000p\000a\000c\000t\000\040\000o\000n\000\040\000u\000s\000e\000r\000s}{chapter.4}% 19
\BOOKMARK [1][-]{section.4.2}{\376\377\000H\000T\000T\000P\000\040\000h\000e\000a\000d\000e\000r\000:\000\040\000U\000s\000e\000r\000-\000A\000g\000e\000n\000t}{chapter.4}% 20
\BOOKMARK [2][-]{subsection.4.2.1}{\376\377\000C\000o\000n\000s\000i\000s\000t\000e\000n\000c\000y}{section.4.2}% 21
\BOOKMARK [1][-]{section.4.3}{\376\377\000H\000T\000T\000P\000\040\000h\000e\000a\000d\000e\000r\000:\000\040\000A\000c\000c\000e\000p\000t}{chapter.4}% 22
\BOOKMARK [2][-]{subsection.4.3.1}{\376\377\000C\000o\000n\000s\000i\000s\000t\000e\000n\000c\000y}{section.4.3}% 23
\BOOKMARK [1][-]{section.4.4}{\376\377\000H\000T\000T\000P\000\040\000h\000e\000a\000d\000e\000r\000:\000\040\000A\000c\000c\000e\000p\000t\000-\000L\000a\000n\000g\000u\000a\000g\000e}{chapter.4}% 24
\BOOKMARK [2][-]{subsection.4.4.1}{\376\377\000C\000o\000n\000s\000i\000s\000t\000e\000n\000c\000y}{section.4.4}% 25
\BOOKMARK [1][-]{section.4.5}{\376\377\000L\000i\000s\000t\000\040\000o\000f\000\040\000H\000T\000T\000P\000\040\000h\000e\000a\000d\000e\000r\000s}{chapter.4}% 26
\BOOKMARK [0][-]{chapter*.2}{\376\377\000B\000i\000b\000l\000i\000o\000g\000r\000a\000p\000h\000y}{}% 27
